<html>
<head>
<title>TestNG:  Surefire test</title>
<link href="../testng.css" rel="stylesheet" type="text/css" />
<link href="../my-testng.css" rel="stylesheet" type="text/css" />

<style type="text/css">
.log { display: none;} 
.stack-trace { display: none;} 
</style>
<script type="text/javascript">
<!--
function flip(e) {
  current = e.style.display;
  if (current == 'block') {
    e.style.display = 'none';
    return 0;
  }
  else {
    e.style.display = 'block';
    return 1;
  }
}

function toggleBox(szDivId, elem, msg1, msg2)
{
  var res = -1;  if (document.getElementById) {
    res = flip(document.getElementById(szDivId));
  }
  else if (document.all) {
    // this is the way old msie versions work
    res = flip(document.all[szDivId]);
  }
  if(elem) {
    if(res == 0) elem.innerHTML = msg1; else elem.innerHTML = msg2;
  }

}

function toggleAllBoxes() {
  if (document.getElementsByTagName) {
    d = document.getElementsByTagName('div');
    for (i = 0; i < d.length; i++) {
      if (d[i].className == 'log') {
        flip(d[i]);
      }
    }
  }
}

// -->
</script>

</head>
<body>
<h2 align='center'>Surefire test</h2><table border='1' align="center">
<tr>
<td>Tests passed/Failed/Skipped:</td><td>14/3/0</td>
</tr><tr>
<td>Started on:</td><td>Wed Jul 20 14:31:50 EET 2022</td>
</tr>
<tr><td>Total time:</td><td>279 seconds (279623 ms)</td>
</tr><tr>
<td>Included groups:</td><td></td>
</tr><tr>
<td>Excluded groups:</td><td></td>
</tr>
</table><p/>
<small><i>(Hover the method name to see the test class name)</i></small><p/>
<table width='100%' border='1' class='invocation-failed'>
<tr><td colspan='4' align='center'><b>FAILED TESTS</b></td></tr>
<tr><td><b>Test method</b></td>
<td width="30%"><b>Exception</b></td>
<td width="10%"><b>Time (seconds)</b></td>
<td><b>Instance</b></td>
</tr>
<tr>
<td title='org.example.testRunner.runners.runScenario()'><b>runScenario</b><br>Test class: org.example.testRunner.runners<br>Test method: Runs Cucumber Scenarios<br>Parameters: "user opens rss link", "F07_FollowUs | users could open followUs links"</td>
<td><div><pre>java.lang.IndexOutOfBoundsException: Index: 1, Size: 1
	at java.util.ArrayList.rangeCheck(ArrayList.java:659)
	at java.util.ArrayList.get(ArrayList.java:435)
	at org.example.stepDefs.D07_followUsStepDef.opens_new_tab(D07_followUsStepDef.java:22)
	at ?.&quot;https://demo.nopcommerce.com/new-online-store-is-open&quot; is opened in new tab(file:///C:/Users/AHMED/IdeaProjects/demonopcommerce/src/main/resources/features/F07_followUs.feature:23)
</pre></div><a href='#' onClick='toggleBox("stack-trace204339470", this, "Click to show all stack frames", "Click to hide stack frames")'>Click to show all stack frames</a>
<div class='stack-trace' id='stack-trace204339470'><pre>java.lang.IndexOutOfBoundsException: Index: 1, Size: 1
	at java.util.ArrayList.rangeCheck(ArrayList.java:659)
	at java.util.ArrayList.get(ArrayList.java:435)
	at org.example.stepDefs.D07_followUsStepDef.opens_new_tab(D07_followUsStepDef.java:22)
	at ?.&quot;https://demo.nopcommerce.com/new-online-store-is-open&quot; is opened in new tab(file:///C:/Users/AHMED/IdeaProjects/demonopcommerce/src/main/resources/features/F07_followUs.feature:23)
</pre></div></td>
<td>17</td>
<td>org.example.testRunner.runners@436e852b</td></tr>
<tr>
<td title='org.example.testRunner.runners.runScenario()'><b>runScenario</b><br>Test class: org.example.testRunner.runners<br>Test method: Runs Cucumber Scenarios<br>Parameters: "First slider clickable on homepage", "F06_HomeSliders | users will be able to open sliders in home page"</td>
<td><div><pre>java.lang.AssertionError: URL of First Slide expected [https://demo.nopcommerce.com/nokia-lumia-1020] but found [https://demo.nopcommerce.com/]
	at org.example.stepDefs.D06_homeSlidersStepDef.first_slide_displayed(D06_homeSlidersStepDef.java:22)
	at ?.relative product for first slider is displayed(file:///C:/Users/AHMED/IdeaProjects/demonopcommerce/src/main/resources/features/F06_HomeSliders.feature:7)
... Removed 5 stack frames</pre></div><a href='#' onClick='toggleBox("stack-trace1051927339", this, "Click to show all stack frames", "Click to hide stack frames")'>Click to show all stack frames</a>
<div class='stack-trace' id='stack-trace1051927339'><pre>java.lang.AssertionError: URL of First Slide expected [https://demo.nopcommerce.com/nokia-lumia-1020] but found [https://demo.nopcommerce.com/]
	at org.testng.Assert.fail(Assert.java:110)
	at org.testng.Assert.failNotEquals(Assert.java:1413)
	at org.testng.Assert.assertEqualsImpl(Assert.java:149)
	at org.testng.Assert.assertEquals(Assert.java:131)
	at org.testng.Assert.assertEquals(Assert.java:655)
	at org.example.stepDefs.D06_homeSlidersStepDef.first_slide_displayed(D06_homeSlidersStepDef.java:22)
	at ?.relative product for first slider is displayed(file:///C:/Users/AHMED/IdeaProjects/demonopcommerce/src/main/resources/features/F06_HomeSliders.feature:7)
</pre></div></td>
<td>13</td>
<td>org.example.testRunner.runners@436e852b</td></tr>
<tr>
<td title='org.example.testRunner.runners.runScenario()'><b>runScenario</b><br>Test class: org.example.testRunner.runners<br>Test method: Runs Cucumber Scenarios<br>Parameters: "Second slider clickable on homepage", "F06_HomeSliders | users will be able to open sliders in home page"</td>
<td><div><pre>java.lang.AssertionError: URL of Second Slide expected [https://demo.nopcommerce.com/iphone-6] but found [https://demo.nopcommerce.com/]
	at org.example.stepDefs.D06_homeSlidersStepDef.second_slide_displayed(D06_homeSlidersStepDef.java:36)
	at ?.relative product for second slider is displayed(file:///C:/Users/AHMED/IdeaProjects/demonopcommerce/src/main/resources/features/F06_HomeSliders.feature:12)
... Removed 5 stack frames</pre></div><a href='#' onClick='toggleBox("stack-trace1879202713", this, "Click to show all stack frames", "Click to hide stack frames")'>Click to show all stack frames</a>
<div class='stack-trace' id='stack-trace1879202713'><pre>java.lang.AssertionError: URL of Second Slide expected [https://demo.nopcommerce.com/iphone-6] but found [https://demo.nopcommerce.com/]
	at org.testng.Assert.fail(Assert.java:110)
	at org.testng.Assert.failNotEquals(Assert.java:1413)
	at org.testng.Assert.assertEqualsImpl(Assert.java:149)
	at org.testng.Assert.assertEquals(Assert.java:131)
	at org.testng.Assert.assertEquals(Assert.java:655)
	at org.example.stepDefs.D06_homeSlidersStepDef.second_slide_displayed(D06_homeSlidersStepDef.java:36)
	at ?.relative product for second slider is displayed(file:///C:/Users/AHMED/IdeaProjects/demonopcommerce/src/main/resources/features/F06_HomeSliders.feature:12)
</pre></div></td>
<td>12</td>
<td>org.example.testRunner.runners@436e852b</td></tr>
</table><p>
<table width='100%' border='1' class='invocation-passed'>
<tr><td colspan='4' align='center'><b>PASSED TESTS</b></td></tr>
<tr><td><b>Test method</b></td>
<td width="30%"><b>Exception</b></td>
<td width="10%"><b>Time (seconds)</b></td>
<td><b>Instance</b></td>
</tr>
<tr>
<td title='org.example.testRunner.runners.runScenario()'><b>runScenario</b><br>Test class: org.example.testRunner.runners<br>Test method: Runs Cucumber Scenarios<br>Parameters: "user register with valid data", "F01_Register | users could register with new accounts"</td>
<td></td>
<td>30</td>
<td>org.example.testRunner.runners@436e852b</td></tr>
<tr>
<td title='org.example.testRunner.runners.runScenario()'><b>runScenario</b><br>Test class: org.example.testRunner.runners<br>Test method: Runs Cucumber Scenarios<br>Parameters: "user login with invalid data", "F02_Login | user should be able to login to the system"</td>
<td></td>
<td>14</td>
<td>org.example.testRunner.runners@436e852b</td></tr>
<tr>
<td title='org.example.testRunner.runners.runScenario()'><b>runScenario</b><br>Test class: org.example.testRunner.runners<br>Test method: Runs Cucumber Scenarios<br>Parameters: "success message is visible after adding item to wishlist", "F08_WishList  |  guest user could add products to wishlist"</td>
<td></td>
<td>15</td>
<td>org.example.testRunner.runners@436e852b</td></tr>
<tr>
<td title='org.example.testRunner.runners.runScenario()'><b>runScenario</b><br>Test class: org.example.testRunner.runners<br>Test method: Runs Cucumber Scenarios<br>Parameters: "user opens twitter link", "F07_FollowUs | users could open followUs links"</td>
<td></td>
<td>17</td>
<td>org.example.testRunner.runners@436e852b</td></tr>
<tr>
<td title='org.example.testRunner.runners.runScenario()'><b>runScenario</b><br>Test class: org.example.testRunner.runners<br>Test method: Runs Cucumber Scenarios<br>Parameters: "user search using SKU", "F04_Search | users will be able to search for products with different parameters"</td>
<td></td>
<td>12</td>
<td>org.example.testRunner.runners@436e852b</td></tr>
<tr>
<td title='org.example.testRunner.runners.runScenario()'><b>runScenario</b><br>Test class: org.example.testRunner.runners<br>Test method: Runs Cucumber Scenarios<br>Parameters: "guest user can choose € currency", "F03_ChangeCurrency | user could switch between currencies [$, €]"</td>
<td></td>
<td>12</td>
<td>org.example.testRunner.runners@436e852b</td></tr>
<tr>
<td title='org.example.testRunner.runners.runScenario()'><b>runScenario</b><br>Test class: org.example.testRunner.runners<br>Test method: Runs Cucumber Scenarios<br>Parameters: "user opens youtube link", "F07_FollowUs | users could open followUs links"</td>
<td></td>
<td>19</td>
<td>org.example.testRunner.runners@436e852b</td></tr>
<tr>
<td title='org.example.testRunner.runners.runScenario()'><b>runScenario</b><br>Test class: org.example.testRunner.runners<br>Test method: Runs Cucumber Scenarios<br>Parameters: "number of wishlist items in home page is increased", "F08_WishList  |  guest user could add products to wishlist"</td>
<td></td>
<td>15</td>
<td>org.example.testRunner.runners@436e852b</td></tr>
<tr>
<td title='org.example.testRunner.runners.runScenario()'><b>runScenario</b><br>Test class: org.example.testRunner.runners<br>Test method: Runs Cucumber Scenarios<br>Parameters: "user opens facebook link", "F07_FollowUs | users could open followUs links"</td>
<td></td>
<td>19</td>
<td>org.example.testRunner.runners@436e852b</td></tr>
<tr>
<td title='org.example.testRunner.runners.runScenario()'><b>runScenario</b><br>Test class: org.example.testRunner.runners<br>Test method: Runs Cucumber Scenarios<br>Parameters: "user search using invalid product name", "F04_Search | users will be able to search for products with different parameters"</td>
<td></td>
<td>12</td>
<td>org.example.testRunner.runners@436e852b</td></tr>
<tr>
<td title='org.example.testRunner.runners.runScenario()'><b>runScenario</b><br>Test class: org.example.testRunner.runners<br>Test method: Runs Cucumber Scenarios<br>Parameters: "user login with valid data", "F02_Login | user should be able to login to the system"</td>
<td></td>
<td>15</td>
<td>org.example.testRunner.runners@436e852b</td></tr>
<tr>
<td title='org.example.testRunner.runners.runScenario()'><b>runScenario</b><br>Test class: org.example.testRunner.runners<br>Test method: Runs Cucumber Scenarios<br>Parameters: "user could hover categories", "F05_HoverCategories  |  user could hover categories and select sub category"</td>
<td></td>
<td>14</td>
<td>org.example.testRunner.runners@436e852b</td></tr>
<tr>
<td title='org.example.testRunner.runners.runScenario()'><b>runScenario</b><br>Test class: org.example.testRunner.runners<br>Test method: Runs Cucumber Scenarios<br>Parameters: "user could search using product name", "F04_Search | users will be able to search for products with different parameters"</td>
<td></td>
<td>14</td>
<td>org.example.testRunner.runners@436e852b</td></tr>
<tr>
<td title='org.example.testRunner.runners.runScenario()'><b>runScenario</b><br>Test class: org.example.testRunner.runners<br>Test method: Runs Cucumber Scenarios<br>Parameters: "added items are displayed on wishlist", "F08_WishList  |  guest user could add products to wishlist"</td>
<td></td>
<td>17</td>
<td>org.example.testRunner.runners@436e852b</td></tr>
</table><p>
</body>
</html>