<?xml version="1.0" encoding="UTF-8"?>
<!-- Generated by org.testng.reporters.JUnitReportReporter -->
<testsuite skipped="0" hostname="DESKTOP-4EC1KBU" name="org.example.testRunner.runners" tests="17" failures="2" timestamp="2022-07-20T14:36:30 EET" time="275.849" errors="1">
  <testcase name="runScenario" time="30.880" classname="org.example.testRunner.runners"/>
  <system-out/>
  <testcase name="runScenario" time="14.837" classname="org.example.testRunner.runners"/>
  <system-out/>
  <testcase name="runScenario" time="17.084" classname="org.example.testRunner.runners">
    <error type="java.lang.IndexOutOfBoundsException" message="Index: 1, Size: 1">
      <![CDATA[java.lang.IndexOutOfBoundsException: Index: 1, Size: 1
at java.util.ArrayList.rangeCheck(ArrayList.java:659)
at java.util.ArrayList.get(ArrayList.java:435)
at org.example.stepDefs.D07_followUsStepDef.opens_new_tab(D07_followUsStepDef.java:22)
at ✽."https://demo.nopcommerce.com/new-online-store-is-open" is opened in new tab(file:///C:/Users/AHMED/IdeaProjects/demonopcommerce/src/main/resources/features/F07_followUs.feature:23)
]]>
    </error>
  </testcase> <!-- runScenario -->
  <system-out/>
  <testcase name="runScenario" time="15.501" classname="org.example.testRunner.runners"/>
  <system-out/>
  <testcase name="runScenario" time="17.863" classname="org.example.testRunner.runners"/>
  <system-out/>
  <testcase name="runScenario" time="12.093" classname="org.example.testRunner.runners"/>
  <system-out/>
  <testcase name="runScenario" time="12.587" classname="org.example.testRunner.runners"/>
  <system-out/>
  <testcase name="runScenario" time="19.716" classname="org.example.testRunner.runners"/>
  <system-out/>
  <testcase name="runScenario" time="15.916" classname="org.example.testRunner.runners"/>
  <system-out/>
  <testcase name="runScenario" time="19.240" classname="org.example.testRunner.runners"/>
  <system-out/>
  <testcase name="runScenario" time="12.006" classname="org.example.testRunner.runners"/>
  <system-out/>
  <testcase name="runScenario" time="15.095" classname="org.example.testRunner.runners"/>
  <system-out/>
  <testcase name="runScenario" time="14.638" classname="org.example.testRunner.runners"/>
  <system-out/>
  <testcase name="runScenario" time="13.891" classname="org.example.testRunner.runners">
    <failure type="java.lang.AssertionError" message="URL of First Slide expected [https://demo.nopcommerce.com/nokia-lumia-1020] but found [https://demo.nopcommerce.com/]">
      <![CDATA[java.lang.AssertionError: URL of First Slide expected [https://demo.nopcommerce.com/nokia-lumia-1020] but found [https://demo.nopcommerce.com/]
at org.testng.Assert.fail(Assert.java:110)
at org.testng.Assert.failNotEquals(Assert.java:1413)
at org.testng.Assert.assertEqualsImpl(Assert.java:149)
at org.testng.Assert.assertEquals(Assert.java:131)
at org.testng.Assert.assertEquals(Assert.java:655)
at org.example.stepDefs.D06_homeSlidersStepDef.first_slide_displayed(D06_homeSlidersStepDef.java:22)
at ✽.relative product for first slider is displayed(file:///C:/Users/AHMED/IdeaProjects/demonopcommerce/src/main/resources/features/F06_HomeSliders.feature:7)
]]>
    </failure>
  </testcase> <!-- runScenario -->
  <system-out/>
  <testcase name="runScenario" time="14.362" classname="org.example.testRunner.runners"/>
  <system-out/>
  <testcase name="runScenario" time="17.437" classname="org.example.testRunner.runners"/>
  <system-out/>
  <testcase name="runScenario" time="12.703" classname="org.example.testRunner.runners">
    <failure type="java.lang.AssertionError" message="URL of Second Slide expected [https://demo.nopcommerce.com/iphone-6] but found [https://demo.nopcommerce.com/]">
      <![CDATA[java.lang.AssertionError: URL of Second Slide expected [https://demo.nopcommerce.com/iphone-6] but found [https://demo.nopcommerce.com/]
at org.testng.Assert.fail(Assert.java:110)
at org.testng.Assert.failNotEquals(Assert.java:1413)
at org.testng.Assert.assertEqualsImpl(Assert.java:149)
at org.testng.Assert.assertEquals(Assert.java:131)
at org.testng.Assert.assertEquals(Assert.java:655)
at org.example.stepDefs.D06_homeSlidersStepDef.second_slide_displayed(D06_homeSlidersStepDef.java:36)
at ✽.relative product for second slider is displayed(file:///C:/Users/AHMED/IdeaProjects/demonopcommerce/src/main/resources/features/F06_HomeSliders.feature:12)
]]>
    </failure>
  </testcase> <!-- runScenario -->
  <system-out/>
</testsuite> <!-- org.example.testRunner.runners -->
